APRO v4.06
Compiler : Delphi 7
Operating System : WinNT 6.2 
Device: COM10
Date/time: 05/12/23, 16:06:51
Time      Type      SubType       Data      OtherData
--------  --------  ------------  --------  ---------
3327.789  Trigger   Avail         00000001  
3327.789  Dispatch  ReadCom       00000002  Z:
3327.789  Trigger   Avail         00000002  
3327.789  Dispatch  ReadCom       00000001  3
3327.789  Trigger   Avail         00000001  
3327.789  Dispatch  ReadCom       00000002  31
3327.789  Trigger   Avail         00000002  
3327.789  Dispatch  ReadCom       00000001  9
3327.789  Trigger   Avail         00000001  
3327.790  Dispatch  ReadCom       00000002  02
3327.790  Trigger   Avail         00000002  
3327.790  Dispatch  ReadCom       00000001  ,
3327.790  Trigger   Avail         00000001  
3327.790  Dispatch  ReadCom       00000001  B
3327.790  Trigger   Avail         00000001  
3327.790  Dispatch  ReadCom       00000002  IO
3327.790  Trigger   Avail         00000002  
3327.790  Dispatch  ReadCom       00000001  Z
3327.790  Trigger   Avail         00000001  
3327.790  Dispatch  ReadCom       00000002  :3
3327.790  Trigger   Avail         00000002  
3327.790  Dispatch  ReadCom       00000001  3
3327.790  Trigger   Avail         00000001  
3327.790  Dispatch  ReadCom       00000002  18
3327.790  Trigger   Avail         00000002  
3327.791  Dispatch  ReadCom       00000001  8
3327.791  Trigger   Avail         00000001  
3327.791  Dispatch  ReadCom       00000002  3,
3327.791  Trigger   Avail         00000002  
3327.791  Dispatch  ReadCom       00000001  B
3327.791  Trigger   Avail         00000001  
3327.791  Dispatch  ReadCom       00000002  IO
3327.791  Trigger   Avail         00000002  
3327.791  Dispatch  ReadCom       00000001  Z
3327.791  Trigger   Avail         00000001  
3327.791  Dispatch  ReadCom       00000001  :
3327.791  Trigger   Avail         00000001  
3327.791  Dispatch  ReadCom       00000002  33
3327.791  Trigger   Avail         00000002  
3327.791  Dispatch  ReadCom       00000001  1
3327.791  Trigger   Avail         00000001  
3327.792  Dispatch  ReadCom       00000002  88
3327.792  Trigger   Avail         00000002  
3327.792  Dispatch  ReadCom       00000001  8
3327.792  Trigger   Avail         00000001  
3327.792  Dispatch  ReadCom       00000002  ,B
3327.792  Trigger   Avail         00000002  
3327.792  Dispatch  ReadCom       00000001  I
3327.792  Trigger   Avail         00000001  
3327.792  Dispatch  ReadCom       00000002  OZ
3327.792  Trigger   Avail         00000002  
3327.792  Dispatch  ReadCom       00000001  :
3327.792  Trigger   Avail         00000001  
3327.792  Dispatch  ReadCom       00000001  3
3327.792  Trigger   Avail         00000001  
3327.792  Dispatch  ReadCom       00000002  31
3327.792  Trigger   Avail         00000002  
3327.793  Dispatch  ReadCom       00000001  9
3327.793  Trigger   Avail         00000001  
3327.793  Dispatch  ReadCom       00000002  15
3327.793  Trigger   Avail         00000002  
3327.793  Dispatch  ReadCom       00000001  ,
3327.793  Trigger   Avail         00000001  
3327.793  Dispatch  ReadCom       00000002  BI
3327.793  Trigger   Avail         00000002  
3327.793  Dispatch  ReadCom       00000001  O
3327.793  Trigger   Avail         00000001  
3327.793  Dispatch  ReadCom       00000002  Z:
3327.793  Trigger   Avail         00000002  
3327.793  Dispatch  ReadCom       00000001  3
3327.793  Trigger   Avail         00000001  
3327.793  Dispatch  ReadCom       00000002  31
3327.793  Trigger   Avail         00000002  
3327.794  Dispatch  ReadCom       00000001  9
3327.794  Trigger   Avail         00000001  
3327.794  Dispatch  ReadCom       00000001  1
3327.794  Trigger   Avail         00000001  
3327.794  Dispatch  ReadCom       00000002  1,
3327.794  Trigger   Avail         00000002  
3327.794  Dispatch  ReadCom       00000001  B
3327.794  Trigger   Avail         00000001  
3327.794  Dispatch  ReadCom       00000002  IO
3327.794  Trigger   Avail         00000002  
3327.794  Dispatch  ReadCom       00000001  Z
3327.794  Trigger   Avail         00000001  
3327.794  Dispatch  ReadCom       00000002  :3
3327.794  Trigger   Avail         00000002  
3327.794  Dispatch  ReadCom       00000001  3
3327.794  Trigger   Avail         00000001  
3327.795  Dispatch  ReadCom       00000002  18
3327.795  Trigger   Avail         00000002  
3327.795  Dispatch  ReadCom       00000001  8
3327.795  Trigger   Avail         00000001  
3327.795  Dispatch  ReadCom       00000002  2,
3327.795  Trigger   Avail         00000002  
3327.795  Dispatch  ReadCom       00000001  B
3327.795  Trigger   Avail         00000001  
3327.795  Dispatch  ReadCom       00000001  I
3327.795  Trigger   Avail         00000001  
3327.795  Dispatch  ReadCom       00000002  OZ
3327.795  Trigger   Avail         00000002  
3327.795  Dispatch  ReadCom       00000001  :
3327.795  Trigger   Avail         00000001  
3327.795  Dispatch  ReadCom       00000002  33
3327.795  Trigger   Avail         00000002  
3327.796  Dispatch  ReadCom       00000001  1
3327.796  Trigger   Avail         00000001  
3327.796  Dispatch  ReadCom       00000002  87
3327.796  Trigger   Avail         00000002  
3327.796  Dispatch  ReadCom       00000001  8
3327.796  Trigger   Avail         00000001  
3327.796  Dispatch  ReadCom       00000002  ,B
3327.796  Trigger   Avail         00000002  
3327.796  Dispatch  ReadCom       00000001  I
3327.796  Trigger   Avail         00000001  
3327.796  Dispatch  ReadCom       00000001  O
3327.796  Trigger   Avail         00000001  
3327.796  Dispatch  ReadCom       00000002  Z:
3327.796  Trigger   Avail         00000002  
3327.796  Dispatch  ReadCom       00000001  3
3327.796  Trigger   Avail         00000001  
3327.797  Dispatch  ReadCom       00000002  31
3327.797  Trigger   Avail         00000002  
3327.797  Dispatch  ReadCom       00000001  8
3327.797  Trigger   Avail         00000001  
3327.797  Dispatch  ReadCom       00000002  91
3327.797  Trigger   Avail         00000002  
3327.797  Dispatch  ReadCom       00000001  ,
3327.797  Trigger   Avail         00000001  
3327.797  Dispatch  ReadCom       00000002  BI
3327.797  Trigger   Avail         00000002  
3327.797  Dispatch  ReadCom       00000001  O
3327.797  Trigger   Avail         00000001  
3327.797  Dispatch  ReadCom       00000002  Z:
3327.797  Trigger   Avail         00000002  
3327.797  Dispatch  ReadCom       00000001  3
3327.797  Trigger   Avail         00000001  
3327.798  Dispatch  ReadCom       00000001  3
3327.798  Trigger   Avail         00000001  
3327.798  Dispatch  ReadCom       00000002  18
3327.798  Trigger   Avail         00000002  
3327.798  Dispatch  ReadCom       00000001  9
3327.798  Trigger   Avail         00000001  
3327.798  Dispatch  ReadCom       00000002  0,
3327.798  Trigger   Avail         00000002  
3327.798  Dispatch  ReadCom       00000001  B
3327.798  Trigger   Avail         00000001  
3327.798  Dispatch  ReadCom       00000002  IO
3327.798  Trigger   Avail         00000002  
3327.798  Dispatch  ReadCom       00000001  Z
3327.798  Trigger   Avail         00000001  
3327.798  Dispatch  ReadCom       00000002  :3
3327.798  Trigger   Avail         00000002  
3327.799  Dispatch  ReadCom       00000001  3
3327.799  Trigger   Avail         00000001  
3327.799  Dispatch  ReadCom       00000002  18
3327.799  Trigger   Avail         00000002  
3327.799  Dispatch  ReadCom       00000001  7
3327.799  Trigger   Avail         00000001  
3327.799  Dispatch  ReadCom       00000001  9
3327.799  Trigger   Avail         00000001  
3327.799  Dispatch  ReadCom       00000002  ,B
3327.799  Trigger   Avail         00000002  
3327.799  Dispatch  ReadCom       00000001  I
3327.799  Trigger   Avail         00000001  
3327.799  Dispatch  ReadCom       00000002  OZ
3327.799  Trigger   Avail         00000002  
3327.799  Dispatch  ReadCom       00000001  :
3327.799  Trigger   Avail         00000001  
3327.800  Dispatch  ReadCom       00000002  33
3327.800  Trigger   Avail         00000002  
3327.800  Dispatch  ReadCom       00000001  1
3327.800  Trigger   Avail         00000001  
3327.800  Dispatch  ReadCom       00000002  91
3327.800  Trigger   Avail         00000002  
3327.800  Dispatch  ReadCom       00000001  0
3327.800  Trigger   Avail         00000001  
3327.800  Dispatch  ReadCom       00000001  ,
3327.800  Trigger   Avail         00000001  
3327.800  Dispatch  ReadCom       00000002  BI
3327.800  Trigger   Avail         00000002  
3327.920  Trigger   Timer         00000040  
3330.462  Dispatch  ReadCom       00000002  OZ
3330.462  Trigger   Avail         00000002  
3330.463  TrDatChg  Timer         00000040  [01][00][00][00]
3330.463  Dispatch  ReadCom       0000000D  :331950,BIOZ:
3330.463  Trigger   Avail         0000000D  
3330.466  Dispatch  ReadCom       0000001C  331944,BIOZ:331913,BIOZ:3318
3330.466  Trigger   Avail         0000001C  
3330.467  Dispatch  ReadCom       00000011  86,BIOZ:331866,BI
3330.467  Trigger   Avail         00000011  
3330.470  Dispatch  ReadCom       0000001F  OZ:331845,BIOZ:331853,BIOZ:3318
3330.470  Trigger   Avail         0000001F  
3330.470  Dispatch  ReadCom       00000004  75,B
3330.470  Trigger   Avail         00000004  
3330.472  Dispatch  ReadCom       00000013  IOZ:331880,BIOZ:331
3330.472  Trigger   Avail         00000013  
3330.472  Dispatch  ReadCom       00000004  868,
3330.472  Trigger   Avail         00000004  
3330.473  Dispatch  ReadCom       00000005  BIOZ:
3330.473  Trigger   Avail         00000005  
3330.473  Dispatch  ReadCom       00000003  331
3330.473  Trigger   Avail         00000003  
3330.473  Dispatch  ReadCom       00000004  859,
3330.473  Trigger   Avail         00000004  
3330.475  Dispatch  ReadCom       00000010  BIOZ:331834,BIOZ
3330.475  Trigger   Avail         00000010  
3330.475  Dispatch  ReadCom       00000004  :331
3330.475  Trigger   Avail         00000004  
3330.476  Dispatch  ReadCom       00000006  828,BI
3330.476  Trigger   Avail         00000006  
3330.476  Dispatch  ReadCom       00000005  OZ:33
3330.476  Trigger   Avail         00000005  
3330.476  Dispatch  ReadCom       00000002  18
3330.476  Trigger   Avail         00000002  
3330.476  Dispatch  ReadCom       00000005  96,BI
3330.476  Trigger   Avail         00000005  
3330.477  Dispatch  ReadCom       00000003  OZ:
3330.477  Trigger   Avail         00000003  
3330.477  Dispatch  ReadCom       00000007  332058,
3330.477  Trigger   Avail         00000007  
3330.478  Dispatch  ReadCom       00000009  BIOZ:3322
3330.478  Trigger   Avail         00000009  
3330.479  Dispatch  ReadCom       00000008  58,BIOZ:
3330.479  Trigger   Avail         00000008  
3330.484  Dispatch  ReadCom       00000038  332363,BIOZ:332297,BIOZ:332136,BI
                                            OZ:331958,BIOZ:331810,B
3330.484  Trigger   Avail         00000038  
3330.485  Dispatch  ReadCom       00000015  IOZ:331782,BIOZ:33187
3330.485  Trigger   Avail         00000015  
3330.487  Dispatch  ReadCom       00000018  3,BIOZ:331955,BIOZ:33195
3330.487  Trigger   Avail         00000018  
3330.488  Dispatch  ReadCom       00000002  3,
3330.488  Trigger   Avail         00000002  
3330.488  Dispatch  ReadCom       00000002  BI
3330.488  Trigger   Avail         00000002  
3330.488  Dispatch  ReadCom       00000003  OZ:
3330.488  Trigger   Avail         00000003  
3330.488  Dispatch  ReadCom       00000001  3
3330.488  Trigger   Avail         00000001  
3330.488  Dispatch  ReadCom       00000002  31
3330.488  Trigger   Avail         00000002  
3330.488  Dispatch  ReadCom       00000001  9
3330.488  Trigger   Avail         00000001  
3330.489  Dispatch  ReadCom       00000002  37
3330.489  Trigger   Avail         00000002  
3330.489  Dispatch  ReadCom       00000001  ,
3330.489  Trigger   Avail         00000001  
3330.489  Dispatch  ReadCom       00000002  BI
3330.489  Trigger   Avail         00000002  
3330.489  Dispatch  ReadCom       00000001  O
3330.489  Trigger   Avail         00000001  
3330.489  Dispatch  ReadCom       00000001  Z
3330.489  Trigger   Avail         00000001  
3330.489  Dispatch  ReadCom       00000002  :3
3330.489  Trigger   Avail         00000002  
3330.489  Dispatch  ReadCom       00000001  3
3330.489  Trigger   Avail         00000001  
3330.489  Dispatch  ReadCom       00000002  19
3330.489  Trigger   Avail         00000002  
3330.490  Dispatch  ReadCom       00000001  5
3330.490  Trigger   Avail         00000001  
3330.490  Dispatch  ReadCom       00000002  0,
3330.490  Trigger   Avail         00000002  
3330.490  Dispatch  ReadCom       00000001  B
3330.490  Trigger   Avail         00000001  
3330.490  Dispatch  ReadCom       00000002  IO
3330.490  Trigger   Avail         00000002  
3330.490  Dispatch  ReadCom       00000004  Z:33
3330.490  Trigger   Avail         00000004  
3330.490  Dispatch  ReadCom       00000001  1
3330.490  Trigger   Avail         00000001  
3330.491  Dispatch  ReadCom       00000002  97
3330.491  Trigger   Avail         00000002  
3330.491  Dispatch  ReadCom       00000001  2
3330.491  Trigger   Avail         00000001  
3330.491  Dispatch  ReadCom       00000002  ,B
3330.491  Trigger   Avail         00000002  
3330.491  Dispatch  ReadCom       00000001  I
3330.491  Trigger   Avail         00000001  
3330.491  Dispatch  ReadCom       00000002  OZ
3330.491  Trigger   Avail         00000002  
3330.491  Dispatch  ReadCom       00000001  :
3330.491  Trigger   Avail         00000001  
3330.491  Dispatch  ReadCom       00000002  33
3330.491  Trigger   Avail         00000002  
3330.491  Dispatch  ReadCom       00000001  1
3330.491  Trigger   Avail         00000001  
3330.492  Dispatch  ReadCom       00000001  9
3330.492  Trigger   Avail         00000001  
3330.492  Dispatch  ReadCom       00000002  64
3330.492  Trigger   Avail         00000002  
3330.492  Dispatch  ReadCom       00000001  ,
3330.492  Trigger   Avail         00000001  
3330.492  Dispatch  ReadCom       00000002  BI
3330.492  Trigger   Avail         00000002  
3330.492  Dispatch  ReadCom       00000001  O
3330.492  Trigger   Avail         00000001  
3330.492  Dispatch  ReadCom       00000002  Z:
3330.492  Trigger   Avail         00000002  
3330.492  Dispatch  ReadCom       00000001  3
3330.492  Trigger   Avail         00000001  
3330.492  Dispatch  ReadCom       00000002  31
3330.492  Trigger   Avail         00000002  
3330.493  Dispatch  ReadCom       00000001  9
3330.493  Trigger   Avail         00000001  
3330.493  Dispatch  ReadCom       00000002  26
3330.493  Trigger   Avail         00000002  
3330.493  Dispatch  ReadCom       00000001  ,
3330.493  Trigger   Avail         00000001  
3330.493  Dispatch  ReadCom       00000001  B
3330.493  Trigger   Avail         00000001  
3330.493  Dispatch  ReadCom       00000003  IOZ
3330.493  Trigger   Avail         00000003  
3330.493  Dispatch  ReadCom       00000002  :3
3330.493  Trigger   Avail         00000002  
3330.493  Dispatch  ReadCom       00000001  3
3330.493  Trigger   Avail         00000001  
3330.494  Dispatch  ReadCom       00000002  19
3330.494  Trigger   Avail         00000002  
3330.495  Dispatch  ReadCom       0000000A  01,BIOZ:33
3330.495  Trigger   Avail         0000000A  
3330.495  Dispatch  ReadCom       00000001  1
3330.495  Trigger   Avail         00000001  
3330.495  Dispatch  ReadCom       00000002  90
3330.495  Trigger   Avail         00000002  
3330.495  Dispatch  ReadCom       00000001  6
3330.495  Trigger   Avail         00000001  
3330.495  Dispatch  ReadCom       00000002  ,B
3330.495  Trigger   Avail         00000002  
3330.495  Dispatch  ReadCom       00000001  I
3330.495  Trigger   Avail         00000001  
3330.495  Dispatch  ReadCom       00000002  OZ
3330.495  Trigger   Avail         00000002  
3330.495  Dispatch  ReadCom       00000001  :
3330.495  Trigger   Avail         00000001  
3330.495  Dispatch  ReadCom       00000001  3
3330.495  Trigger   Avail         00000001  
3330.496  Dispatch  ReadCom       00000002  31
3330.496  Trigger   Avail         00000002  
3330.496  Dispatch  ReadCom       00000003  931
3330.496  Trigger   Avail         00000003  
3330.496  Dispatch  ReadCom       00000001  ,
3330.496  Trigger   Avail         00000001  
3330.496  Dispatch  ReadCom       00000002  BI
3330.496  Trigger   Avail         00000002  
3330.496  Dispatch  ReadCom       00000001  O
3330.496  Trigger   Avail         00000001  
3330.496  Dispatch  ReadCom       00000002  Z:
3330.496  Trigger   Avail         00000002  
3330.496  Dispatch  ReadCom       00000001  3
3330.496  Trigger   Avail         00000001  
3330.497  Dispatch  ReadCom       00000002  31
3330.497  Trigger   Avail         00000002  
3330.498  Dispatch  ReadCom       0000000E  971,BIOZ:33201
3330.498  Trigger   Avail         0000000E  
3330.498  Dispatch  ReadCom       00000007  0,BIOZ:
3330.498  Trigger   Avail         00000007  
3330.500  Dispatch  ReadCom       0000000D  332001,BIOZ:3
3330.500  Trigger   Avail         0000000D  
3330.500  Dispatch  ReadCom       00000005  31943
3330.500  Trigger   Avail         00000005  
3330.502  Dispatch  ReadCom       00000016  ,BIOZ:331911,BIOZ:3319
3330.502  Trigger   Avail         00000016  
3330.502  Dispatch  ReadCom       00000005  46,BI
3330.502  Trigger   Avail         00000005  
3330.503  Dispatch  ReadCom       0000000D  OZ:331984,BIO
3330.503  Trigger   Avail         0000000D  
3330.504  Dispatch  ReadCom       00000005  Z:332
3330.504  Trigger   Avail         00000005  
3330.504  Dispatch  ReadCom       00000007  000,BIO
3330.504  Trigger   Avail         00000007  
3330.505  Dispatch  ReadCom       00000004  Z:33
3330.505  Trigger   Avail         00000004  
3330.505  Dispatch  ReadCom       00000005  2019,
3330.505  Trigger   Avail         00000005  
3330.505  Dispatch  ReadCom       00000001  B
3330.505  Trigger   Avail         00000001  
3330.505  Dispatch  ReadCom       00000002  IO
3330.505  Trigger   Avail         00000002  
3330.506  Dispatch  ReadCom       00000001  Z
3330.506  Trigger   Avail         00000001  
3330.506  Dispatch  ReadCom       00000002  :3
3330.506  Trigger   Avail         00000002  
3330.506  Dispatch  ReadCom       00000002  32
3330.506  Trigger   Avail         00000002  
3330.506  Dispatch  ReadCom       00000002  03
3330.506  Trigger   Avail         00000002  
3330.506  Dispatch  ReadCom       00000001  7
3330.506  Trigger   Avail         00000001  
3330.506  Dispatch  ReadCom       00000002  ,B
3330.506  Trigger   Avail         00000002  
3330.506  Dispatch  ReadCom       00000001  I
3330.506  Trigger   Avail         00000001  
3330.507  Dispatch  ReadCom       00000003  OZ:
3330.507  Trigger   Avail         00000003  
3330.507  Dispatch  ReadCom       00000002  33
3330.507  Trigger   Avail         00000002  
3330.507  Dispatch  ReadCom       00000007  2017,BI
3330.508  Trigger   Avail         00000007  
3330.508  Dispatch  ReadCom       00000009  OZ:331990
3330.508  Trigger   Avail         00000009  
3330.508  Dispatch  ReadCom       00000001  ,
3330.508  Trigger   Avail         00000001  
3330.509  Dispatch  ReadCom       00000009  BIOZ:3319
3330.509  Trigger   Avail         00000009  
3330.509  Dispatch  ReadCom       00000001  8
3330.509  Trigger   Avail         00000001  
3330.510  Dispatch  ReadCom       00000005  8,BIO
3330.510  Trigger   Avail         00000005  
3330.510  Dispatch  ReadCom       00000004  Z:33
3330.510  Trigger   Avail         00000004  
3330.510  Dispatch  ReadCom       00000001  1
3330.510  Trigger   Avail         00000001  
3330.510  Dispatch  ReadCom       00000005  998,B
3330.510  Trigger   Avail         00000005  
3330.511  Dispatch  ReadCom       00000007  IOZ:332
3330.511  Trigger   Avail         00000007  
3330.512  Dispatch  ReadCom       00000007  000,BIO
3330.512  Trigger   Avail         00000007  
3330.512  Dispatch  ReadCom       00000007  Z:33202
3330.512  Trigger   Avail         00000007  
3330.513  Dispatch  ReadCom       00000006  7,BIOZ
3330.513  Trigger   Avail         00000006  
3330.513  Dispatch  ReadCom       00000003  :33
3330.513  Trigger   Avail         00000003  
3330.514  Dispatch  ReadCom       0000000C  2094,BIOZ:33
3330.514  Trigger   Avail         0000000C  
3330.515  Dispatch  ReadCom       00000009  2126,BIOZ
3330.515  Trigger   Avail         00000009  
3330.516  Dispatch  ReadCom       0000000D  :332075,BIOZ:
3330.516  Trigger   Avail         0000000D  
3330.516  Dispatch  ReadCom       00000005  33200
3330.517  Trigger   Avail         00000005  
3330.518  Dispatch  ReadCom       00000015  7,BIOZ:331987,BIOZ:33
3330.518  Trigger   Avail         00000015  
3330.519  Dispatch  ReadCom       00000004  1990
3330.519  Trigger   Avail         00000004  
3330.520  Dispatch  ReadCom       00000013  ,BIOZ:332002,BIOZ:3
3330.520  Trigger   Avail         00000013  
3330.521  Dispatch  ReadCom       0000000D  32037,BIOZ:33
3330.521  Trigger   Avail         0000000D  
3330.523  Dispatch  ReadCom       00000011  2069,BIOZ:332042,
3330.523  Trigger   Avail         00000011  
3330.523  Dispatch  ReadCom       00000006  BIOZ:3
3330.523  Trigger   Avail         00000006  
3330.524  Dispatch  ReadCom       00000003  319
3330.524  Trigger   Avail         00000003  
3330.524  Dispatch  ReadCom       00000004  91,B
3330.524  Trigger   Avail         00000004  
3330.524  Dispatch  ReadCom       00000002  IO
3330.524  Trigger   Avail         00000002  
3330.524  Dispatch  ReadCom       00000001  Z
3330.524  Trigger   Avail         00000001  
3330.524  Dispatch  ReadCom       00000002  :3
3330.524  Trigger   Avail         00000002  
3330.525  Dispatch  ReadCom       00000006  31971,
3330.525  Trigger   Avail         00000006  
3330.525  Dispatch  ReadCom       00000001  B
3330.525  Trigger   Avail         00000001  
3330.526  Trigger   Timer         00000040  
3330.527  Dispatch  ReadCom       00000014  IOZ:331979,BIOZ:3319
3330.527  Trigger   Avail         00000014  
3330.527  TrDatChg  Timer         00000040  [01][00][00][00]
3330.528  Dispatch  ReadCom       00000009  66,BIOZ:3
3330.528  Trigger   Avail         00000009  
3330.528  Dispatch  ReadCom       00000002  31
3330.528  Trigger   Avail         00000002  
3330.529  Dispatch  ReadCom       0000000E  958,BIOZ:33199
3330.529  Trigger   Avail         0000000E  
3330.529  Dispatch  ReadCom       00000003  7,B
3330.529  Trigger   Avail         00000003  
3330.530  Dispatch  ReadCom       00000007  IOZ:332
3330.530  Trigger   Avail         00000007  
3330.530  Dispatch  ReadCom       00000003  039
3330.530  Trigger   Avail         00000003  
3330.531  Dispatch  ReadCom       00000010  ,BIOZ:332028,BIO
3330.531  Trigger   Avail         00000010  
3330.532  Dispatch  ReadCom       00000004  Z:33
3330.532  Trigger   Avail         00000004  
3330.534  Dispatch  ReadCom       00000019  1986,BIOZ:331967,BIOZ:331
3330.534  Trigger   Avail         00000019  
3330.534  Dispatch  ReadCom       00000002  96
3330.534  Trigger   Avail         00000002  
3330.534  Dispatch  ReadCom       00000005  0,BIO
3330.534  Trigger   Avail         00000005  
3330.535  Dispatch  ReadCom       00000006  Z:3319
3330.535  Trigger   Avail         00000006  
3330.536  Dispatch  ReadCom       00000009  61,BIOZ:3
3330.536  Trigger   Avail         00000009  
3330.537  Dispatch  ReadCom       0000000E  31990,BIOZ:332
3330.537  Trigger   Avail         0000000E  
3330.538  Dispatch  ReadCom       00000009  030,BIOZ:
3330.538  Trigger   Avail         00000009  
3330.539  Dispatch  ReadCom       0000000D  332017,BIOZ:3
3330.539  Trigger   Avail         0000000D  
3330.540  Dispatch  ReadCom       00000009  31970,BIO
3330.540  Trigger   Avail         00000009  
3330.540  Dispatch  ReadCom       00000007  Z:33194
3330.540  Trigger   Avail         00000007  
3330.540  Dispatch  ReadCom       00000002  4,
3330.540  Trigger   Avail         00000002  
3330.541  Dispatch  ReadCom       00000004  BIOZ
3330.541  Trigger   Avail         00000004  
3330.541  Dispatch  ReadCom       00000004  :331
3330.541  Trigger   Avail         00000004  
3330.541  Dispatch  ReadCom       00000005  958,B
3330.541  Trigger   Avail         00000005  
3330.542  Dispatch  ReadCom       00000001  I
3330.542  Trigger   Avail         00000001  
3330.542  Dispatch  ReadCom       00000002  OZ
3330.542  Trigger   Avail         00000002  
3330.543  Dispatch  ReadCom       0000000A  :331960,BI
3330.543  Trigger   Avail         0000000A  
3330.543  Dispatch  ReadCom       00000001  O
3330.543  Trigger   Avail         00000001  
3330.543  Dispatch  ReadCom       00000005  Z:331
3330.543  Trigger   Avail         00000005  
3330.543  Dispatch  ReadCom       00000001  9
3330.543  Trigger   Avail         00000001  
3330.544  Dispatch  ReadCom       00000004  49,B
3330.544  Trigger   Avail         00000004  
3330.544  Dispatch  ReadCom       00000003  IOZ
3330.544  Trigger   Avail         00000003  
3330.544  Dispatch  ReadCom       00000005  :3319
3330.544  Trigger   Avail         00000005  
3330.545  Dispatch  ReadCom       00000004  50,B
3330.545  Trigger   Avail         00000004  
3330.545  Dispatch  ReadCom       00000007  IOZ:331
3330.545  Trigger   Avail         00000007  
3330.546  Dispatch  ReadCom       00000005  962,B
3330.546  Trigger   Avail         00000005  
3330.546  Dispatch  ReadCom       00000007  IOZ:331
3330.546  Trigger   Avail         00000007  
3330.547  Dispatch  ReadCom       00000004  960,
3330.547  Trigger   Avail         00000004  
3330.547  Dispatch  ReadCom       00000008  BIOZ:331
3330.547  Trigger   Avail         00000008  
3330.548  Dispatch  ReadCom       00000005  966,B
3330.548  Trigger   Avail         00000005  
3330.549  Dispatch  ReadCom       0000000D  IOZ:331978,BI
3330.549  Trigger   Avail         0000000D  
3330.549  Dispatch  ReadCom       00000005  OZ:33
3330.549  Trigger   Avail         00000005  
3330.549  Dispatch  ReadCom       00000001  1
3330.549  Trigger   Avail         00000001  
3330.550  Dispatch  ReadCom       00000005  960,B
3330.550  Trigger   Avail         00000005  
3330.550  Dispatch  ReadCom       00000001  I
3330.550  Trigger   Avail         00000001  
3330.551  Dispatch  ReadCom       00000004  OZ:3
3330.551  Trigger   Avail         00000004  
3330.668  Trigger   Timer         00000040  
